C51 COMPILER V9.60.0.0   MAIN                                                              08/04/2021 00:37:11 PAGE 1   


C51 COMPILER V9.60.0.0, COMPILATION OF MODULE MAIN
OBJECT MODULE PLACED IN .\Objects\main.obj
COMPILER INVOKED BY: C:\Keil_v5\C51\BIN\C51.EXE main.c OPTIMIZE(8,SPEED) BROWSE DEBUG OBJECTEXTEND PRINT(.\Listings\main
                    -.lst) TABS(2) OBJECT(.\Objects\main.obj)

line level    source

   1          #include <regx52.h>
   2          
   3          
   4          // Delay trong ? Milisecond
   5          void Sleep_ms(unsigned int t)
   6          {
   7   1        unsigned int i, j;
   8   1        for(i = 0; i < t; i++)
   9   1          {
  10   2            for(j = 0; j < 123; j++);
  11   2          }
  12   1      }
  13          void main()
  14          {
  15   1        while(1)
  16   1        {
  17   2          Sleep_ms(100);
  18   2          P2_0 = !P2_0;
  19   2        }
  20   1      }


MODULE INFORMATION:   STATIC OVERLAYABLE
   CODE SIZE        =     43    ----
   CONSTANT SIZE    =   ----    ----
   XDATA SIZE       =   ----    ----
   PDATA SIZE       =   ----    ----
   DATA SIZE        =   ----    ----
   IDATA SIZE       =   ----    ----
   BIT SIZE         =   ----    ----
END OF MODULE INFORMATION.


C51 COMPILATION COMPLETE.  0 WARNING(S),  0 ERROR(S)
